

Version:	3.50
CmdLine:	C:\Repositories\Fathers_Database\Database\out\artifacts\Database_jar\app.exe --l4j-debug
JNI:		No
WOW64:		Yes
Working dir:	C:\Repositories\Fathers_Database\Database\out\artifacts\Database_jar\.
Requires JDK:	No
Requires 64-Bit: No
Java min ver:	1.006.000
Java max ver:	
JRE paths:	C:\Users\kiril\.jdks\openjdk-19.0.2
Check launcher:	C:\Users\kiril\.jdks\openjdk-19.0.2\bin\javaw.exe (OK)
Version string: 1.019.000_002 / 64-Bit (OK)
Launcher:	C:\Users\kiril\.jdks\openjdk-19.0.2\bin\javaw.exe
Launcher args:	-jar "C:\Repositories\Fathers_Database\Database\out\artifacts\Database_jar\app.exe"
Args length:	83/32768 chars
Exit code:	0


Version:	3.50
CmdLine:	C:\Repositories\Fathers_Database\Database\out\artifacts\Database_jar\app.exe --l4j-debug
JNI:		No
WOW64:		Yes
Working dir:	C:\Repositories\Fathers_Database\Database\out\artifacts\Database_jar\.
Requires JDK:	No
Requires 64-Bit: No
Java min ver:	1.006.000
Java max ver:	
JRE paths:	C:\Users\kiril\.jdks\openjdk-19.0.2
Check launcher:	C:\Users\kiril\.jdks\openjdk-19.0.2\bin\javaw.exe (OK)
Version string: 1.019.000_002 / 64-Bit (OK)
Launcher:	C:\Users\kiril\.jdks\openjdk-19.0.2\bin\javaw.exe
Launcher args:	-jar "C:\Repositories\Fathers_Database\Database\out\artifacts\Database_jar\app.exe"
Args length:	83/32768 chars
Exit code:	0


Version:	3.50
CmdLine:	C:\Repositories\Fathers_Database\Database\out\artifacts\Database_jar\app.exe --l4j-debug
JNI:		No
WOW64:		Yes
Working dir:	C:\Repositories\Fathers_Database\Database\out\artifacts\Database_jar\.
Requires JDK:	No
Requires 64-Bit: No
Java min ver:	1.006.000
Java max ver:	
JRE paths:	C:\Users\kiril\.jdks\openjdk-19.0.2
Check launcher:	C:\Users\kiril\.jdks\openjdk-19.0.2\bin\javaw.exe (OK)
Version string: 1.019.000_002 / 64-Bit (OK)
Launcher:	C:\Users\kiril\.jdks\openjdk-19.0.2\bin\javaw.exe
Launcher args:	-jar "C:\Repositories\Fathers_Database\Database\out\artifacts\Database_jar\app.exe"
Args length:	83/32768 chars
Exit code:	0


Version:	3.50
CmdLine:	C:\Repositories\Fathers_Database\Database\out\artifacts\Database_jar\app.exe --l4j-debug
JNI:		No
WOW64:		Yes
Working dir:	C:\Repositories\Fathers_Database\Database\out\artifacts\Database_jar\.
Requires JDK:	No
Requires 64-Bit: No
Java min ver:	1.006.000
Java max ver:	
JRE paths:	C:\Users\kiril\.jdks\openjdk-19.0.2
Check launcher:	C:\Users\kiril\.jdks\openjdk-19.0.2\bin\javaw.exe (OK)
Version string: 1.019.000_002 / 64-Bit (OK)
Launcher:	C:\Users\kiril\.jdks\openjdk-19.0.2\bin\javaw.exe
Launcher args:	-jar "C:\Repositories\Fathers_Database\Database\out\artifacts\Database_jar\app.exe"
Args length:	83/32768 chars
Exit code:	0


Version:	3.50
CmdLine:	C:\Repositories\Fathers_Database\Database\out\artifacts\Database_jar\app.exe --l4j-debug
JNI:		No
WOW64:		Yes
Working dir:	C:\Repositories\Fathers_Database\Database\out\artifacts\Database_jar\.
Requires JDK:	No
Requires 64-Bit: No
Java min ver:	1.006.000
Java max ver:	
JRE paths:	C:\Users\kiril\.jdks\openjdk-19.0.2
Check launcher:	C:\Users\kiril\.jdks\openjdk-19.0.2\bin\javaw.exe (OK)
Version string: 1.019.000_002 / 64-Bit (OK)
Launcher:	C:\Users\kiril\.jdks\openjdk-19.0.2\bin\javaw.exe
Launcher args:	-jar "C:\Repositories\Fathers_Database\Database\out\artifacts\Database_jar\app.exe"
Args length:	83/32768 chars
Exit code:	0


Version:	3.50
CmdLine:	C:\Repositories\Fathers_Database\Database\out\artifacts\Database_jar\app.exe --l4j-debug
JNI:		No
WOW64:		Yes
Working dir:	C:\Repositories\Fathers_Database\Database\out\artifacts\Database_jar\.
Requires JDK:	No
Requires 64-Bit: No
Java min ver:	1.006.000
Java max ver:	
JRE paths:	C:\Users\kiril\.jdks\openjdk-19.0.2
Check launcher:	C:\Users\kiril\.jdks\openjdk-19.0.2\bin\javaw.exe (OK)
Version string: 1.019.000_002 / 64-Bit (OK)
Launcher:	C:\Users\kiril\.jdks\openjdk-19.0.2\bin\javaw.exe
Launcher args:	-jar "C:\Repositories\Fathers_Database\Database\out\artifacts\Database_jar\app.exe"
Args length:	83/32768 chars
Exit code:	0


Version:	3.50
CmdLine:	C:\Repositories\Fathers_Database\Database\out\artifacts\Database_jar\app.exe --l4j-debug
JNI:		No
WOW64:		Yes
Working dir:	C:\Repositories\Fathers_Database\Database\out\artifacts\Database_jar\.
Requires JDK:	No
Requires 64-Bit: No
Java min ver:	1.006.000
Java max ver:	
JRE paths:	C:\Users\kiril\.jdks\openjdk-19.0.2
Check launcher:	C:\Users\kiril\.jdks\openjdk-19.0.2\bin\javaw.exe (OK)
Version string: 1.019.000_002 / 64-Bit (OK)
Launcher:	C:\Users\kiril\.jdks\openjdk-19.0.2\bin\javaw.exe
Launcher args:	-jar "C:\Repositories\Fathers_Database\Database\out\artifacts\Database_jar\app.exe"
Args length:	83/32768 chars
Exit code:	0


Version:	3.50
CmdLine:	C:\Repositories\Fathers_Database\Database\out\artifacts\Database_jar\app.exe --l4j-debug
JNI:		No
WOW64:		Yes
Working dir:	C:\Repositories\Fathers_Database\Database\out\artifacts\Database_jar\.
Requires JDK:	No
Requires 64-Bit: No
Java min ver:	1.006.000
Java max ver:	
JRE paths:	C:\Users\kiril\.jdks\openjdk-19.0.2
Check launcher:	C:\Users\kiril\.jdks\openjdk-19.0.2\bin\javaw.exe (OK)
Version string: 1.019.000_002 / 64-Bit (OK)
Launcher:	C:\Users\kiril\.jdks\openjdk-19.0.2\bin\javaw.exe
Launcher args:	-jar "C:\Repositories\Fathers_Database\Database\out\artifacts\Database_jar\app.exe"
Args length:	83/32768 chars
Exit code:	0


Version:	3.50
CmdLine:	C:\Repositories\Fathers_Database\Database\out\artifacts\Database_jar\app.exe --l4j-debug
JNI:		No
WOW64:		Yes
Working dir:	C:\Repositories\Fathers_Database\Database\out\artifacts\Database_jar\.
Requires JDK:	No
Requires 64-Bit: No
Java min ver:	
Java max ver:	
Substitute:	JAVA_HOME = 
Substitute:	PATH = C:\Program Files (x86)\Common Files\Oracle\Java\javapath;C:\Program Files\Microsoft\jdk-11.0.12.7-hotspot\bin;C:\ProgramData\Oracle\Java\javapath;C:\Windows\system32;C:\Windows;C:\Windows\System32\Wbem;C:\Windows\System32\WindowsPowerShell\v1.0\;C:\Windows\System32\OpenSSH\;C:\Program Files\NVIDIA Corporation\NVIDIA NvDLISR;C:\Program Files\dotnet\;C:\Program Files\Microsoft SQL Server\150\Tools\Binn\;C:\Program Files\Microsoft SQL Server\Client SDK\ODBC\170\Tools\Binn\;C:\WINDOWS\system32;C:\WINDOWS;C:\WINDOWS\System32\Wbem;C:\WINDOWS\System32\WindowsPowerShell\v1.0\;C:\WINDOWS\System32\OpenSSH\;C:\Program Files (x86)\dotnet\;C:\Program Files (x86)\NVIDIA Corporation\PhysX\Common;C:\Program Files\Git\cmd;C:\Users\kiril\AppData\Local\Programs\Python\Python310\Scripts\;C:\Users\kiril\AppData\Local\Programs\Python\Python310\;C:\Users\kiril\AppData\Local\Microsoft\WindowsApps;C:\Users\kiril\.dotnet\tools;C:\Users\kiril\AppData\Local\JetBrains\Toolbox\scripts;C:\Users\kiril\AppData\Local\Microsoft\WindowsApps;C:\Users\kiril\AppData\Local\Programs\Microsoft VS Code\bin;C:\Users\kiril\AppData\Local\GitHubDesktop\bin;C:\Users\kiril\AppData\Local\Google\Cloud SDK\google-cloud-sdk\bin;C:\Program Files\Microsoft\jdk-11.0.12.7-hotspot\bin
JRE paths:	;C:\Program Files (x86)\Common Files\Oracle\Java\javapath;C:\Program Files\Microsoft\jdk-11.0.12.7-hotspot\bin;C:\ProgramData\Oracle\Java\javapath;C:\Windows\system32;C:\Windows;C:\Windows\System32\Wbem;C:\Windows\System32\WindowsPowerShell\v1.0\;C:\Windows\System32\OpenSSH\;C:\Program Files\NVIDIA Corporation\NVIDIA NvDLISR;C:\Program Files\dotnet\;C:\Program Files\Microsoft SQL Server\150\Tools\Binn\;C:\Program Files\Microsoft SQL Server\Client SDK\ODBC\170\Tools\Binn\;C:\WINDOWS\system32;C:\WINDOWS;C:\WINDOWS\System32\Wbem;C:\WINDOWS\System32\WindowsPowerShell\v1.0\;C:\WINDOWS\System32\OpenSSH\;C:\Program Files (x86)\dotnet\;C:\Program Files (x86)\NVIDIA Corporation\PhysX\Common;C:\Program Files\Git\cmd;C:\Users\kiril\AppData\Local\Programs\Python\Python310\Scripts\;C:\Users\kiril\AppData\Local\Programs\Python\Python310\;C:\Users\kiril\AppData\Local\Microsoft\WindowsApps;C:\Users\kiril\.dotnet\tools;C:\Users\kiril\AppData\Local\JetBrains\Toolbox\scripts;C:\Users\kiril\AppData\Local\Microsoft\WindowsApps;C:\Users\kiril\AppData\Local\Programs\Microsoft VS Code\bin;C:\Users\kiril\AppData\Local\GitHubDesktop\bin;C:\Users\kiril\AppData\Local\Google\Cloud SDK\google-cloud-sdk\bin;C:\Program Files\Microsoft\jdk-11.0.12.7-hotspot\bin
Check launcher:	C:\Program Files (x86)\Common Files\Oracle\Java\javapath\bin\javaw.exe (not found)
Check launcher:	C:\Program Files\Microsoft\jdk-11.0.12.7-hotspot\bin\javaw.exe (OK)
Version string: 1.011.000_012 / 64-Bit (OK)
Launcher:	C:\Program Files\Microsoft\jdk-11.0.12.7-hotspot\bin\javaw.exe
Launcher args:	-jar "C:\Repositories\Fathers_Database\Database\out\artifacts\Database_jar\app.exe"
Args length:	83/32768 chars
Exit code:	0


Version:	3.50
CmdLine:	C:\Repositories\Fathers_Database\Database\out\artifacts\Database_jar\app.exe --l4j-debug
JNI:		No
WOW64:		Yes
Working dir:	C:\Repositories\Fathers_Database\Database\out\artifacts\Database_jar\.
Requires JDK:	No
Requires 64-Bit: No
Java min ver:	
Java max ver:	
Substitute:	JAVA_HOME = 
Substitute:	PATH = C:\Program Files (x86)\Common Files\Oracle\Java\javapath;C:\Program Files\Microsoft\jdk-11.0.12.7-hotspot\bin;C:\ProgramData\Oracle\Java\javapath;C:\Windows\system32;C:\Windows;C:\Windows\System32\Wbem;C:\Windows\System32\WindowsPowerShell\v1.0\;C:\Windows\System32\OpenSSH\;C:\Program Files\NVIDIA Corporation\NVIDIA NvDLISR;C:\Program Files\dotnet\;C:\Program Files\Microsoft SQL Server\150\Tools\Binn\;C:\Program Files\Microsoft SQL Server\Client SDK\ODBC\170\Tools\Binn\;C:\WINDOWS\system32;C:\WINDOWS;C:\WINDOWS\System32\Wbem;C:\WINDOWS\System32\WindowsPowerShell\v1.0\;C:\WINDOWS\System32\OpenSSH\;C:\Program Files (x86)\dotnet\;C:\Program Files (x86)\NVIDIA Corporation\PhysX\Common;C:\Program Files\Git\cmd;C:\Users\kiril\AppData\Local\Programs\Python\Python310\Scripts\;C:\Users\kiril\AppData\Local\Programs\Python\Python310\;C:\Users\kiril\AppData\Local\Microsoft\WindowsApps;C:\Users\kiril\.dotnet\tools;C:\Users\kiril\AppData\Local\JetBrains\Toolbox\scripts;C:\Users\kiril\AppData\Local\Microsoft\WindowsApps;C:\Users\kiril\AppData\Local\Programs\Microsoft VS Code\bin;C:\Users\kiril\AppData\Local\GitHubDesktop\bin;C:\Users\kiril\AppData\Local\Google\Cloud SDK\google-cloud-sdk\bin;C:\Program Files\Microsoft\jdk-11.0.12.7-hotspot\bin
JRE paths:	;C:\Program Files (x86)\Common Files\Oracle\Java\javapath;C:\Program Files\Microsoft\jdk-11.0.12.7-hotspot\bin;C:\ProgramData\Oracle\Java\javapath;C:\Windows\system32;C:\Windows;C:\Windows\System32\Wbem;C:\Windows\System32\WindowsPowerShell\v1.0\;C:\Windows\System32\OpenSSH\;C:\Program Files\NVIDIA Corporation\NVIDIA NvDLISR;C:\Program Files\dotnet\;C:\Program Files\Microsoft SQL Server\150\Tools\Binn\;C:\Program Files\Microsoft SQL Server\Client SDK\ODBC\170\Tools\Binn\;C:\WINDOWS\system32;C:\WINDOWS;C:\WINDOWS\System32\Wbem;C:\WINDOWS\System32\WindowsPowerShell\v1.0\;C:\WINDOWS\System32\OpenSSH\;C:\Program Files (x86)\dotnet\;C:\Program Files (x86)\NVIDIA Corporation\PhysX\Common;C:\Program Files\Git\cmd;C:\Users\kiril\AppData\Local\Programs\Python\Python310\Scripts\;C:\Users\kiril\AppData\Local\Programs\Python\Python310\;C:\Users\kiril\AppData\Local\Microsoft\WindowsApps;C:\Users\kiril\.dotnet\tools;C:\Users\kiril\AppData\Local\JetBrains\Toolbox\scripts;C:\Users\kiril\AppData\Local\Microsoft\WindowsApps;C:\Users\kiril\AppData\Local\Programs\Microsoft VS Code\bin;C:\Users\kiril\AppData\Local\GitHubDesktop\bin;C:\Users\kiril\AppData\Local\Google\Cloud SDK\google-cloud-sdk\bin;C:\Program Files\Microsoft\jdk-11.0.12.7-hotspot\bin
Check launcher:	C:\Program Files (x86)\Common Files\Oracle\Java\javapath\bin\javaw.exe (not found)
Check launcher:	C:\Program Files\Microsoft\jdk-11.0.12.7-hotspot\bin\javaw.exe (OK)
Version string: 1.011.000_012 / 64-Bit (OK)
Launcher:	C:\Program Files\Microsoft\jdk-11.0.12.7-hotspot\bin\javaw.exe
Launcher args:	-jar "C:\Repositories\Fathers_Database\Database\out\artifacts\Database_jar\app.exe"
Args length:	83/32768 chars
Exit code:	0


Version:	3.50
CmdLine:	C:\Repositories\Fathers_Database\Database\out\artifacts\Database_jar\app.exe --l4j-debug
JNI:		No
WOW64:		Yes
Working dir:	C:\Repositories\Fathers_Database\Database\out\artifacts\Database_jar\.
Requires JDK:	No
Requires 64-Bit: No
Java min ver:	1.006.000
Java max ver:	
JRE paths:	C:\Users\kiril\.jdks\openjdk-19.0.2
Check launcher:	C:\Users\kiril\.jdks\openjdk-19.0.2\bin\javaw.exe (OK)
Version string: 1.019.000_002 / 64-Bit (OK)
Launcher:	C:\Users\kiril\.jdks\openjdk-19.0.2\bin\javaw.exe
Launcher args:	-jar "C:\Repositories\Fathers_Database\Database\out\artifacts\Database_jar\app.exe"
Args length:	83/32768 chars
Exit code:	0


Version:	3.50
CmdLine:	C:\Repositories\Fathers_Database\Database\out\artifacts\Database_jar\app.exe --l4j-debug
JNI:		No
WOW64:		Yes
Working dir:	C:\Repositories\Fathers_Database\Database\out\artifacts\Database_jar\.
Requires JDK:	No
Requires 64-Bit: No
Java min ver:	
Java max ver:	
JRE paths:	C:\Users\kiril\.jdks\openjdk-19.0.2
Check launcher:	C:\Users\kiril\.jdks\openjdk-19.0.2\bin\javaw.exe (OK)
Version string: 1.019.000_002 / 64-Bit (OK)
Launcher:	C:\Users\kiril\.jdks\openjdk-19.0.2\bin\javaw.exe
Launcher args:	-jar "C:\Repositories\Fathers_Database\Database\out\artifacts\Database_jar\app.exe"
Args length:	83/32768 chars
Exit code:	0


Version:	3.50
CmdLine:	C:\Repositories\Fathers_Database\Database\out\artifacts\Database_jar\app.exe --l4j-debug
JNI:		No
WOW64:		Yes
Working dir:	C:\Repositories\Fathers_Database\Database\out\artifacts\Database_jar\.
Requires JDK:	No
Requires 64-Bit: No
Java min ver:	
Java max ver:	
Substitute:	JAVA_HOME = 
Substitute:	PATH = C:\Program Files (x86)\Common Files\Oracle\Java\javapath;C:\Program Files\Microsoft\jdk-11.0.12.7-hotspot\bin;C:\ProgramData\Oracle\Java\javapath;C:\Windows\system32;C:\Windows;C:\Windows\System32\Wbem;C:\Windows\System32\WindowsPowerShell\v1.0\;C:\Windows\System32\OpenSSH\;C:\Program Files\NVIDIA Corporation\NVIDIA NvDLISR;C:\Program Files\dotnet\;C:\Program Files\Microsoft SQL Server\150\Tools\Binn\;C:\Program Files\Microsoft SQL Server\Client SDK\ODBC\170\Tools\Binn\;C:\WINDOWS\system32;C:\WINDOWS;C:\WINDOWS\System32\Wbem;C:\WINDOWS\System32\WindowsPowerShell\v1.0\;C:\WINDOWS\System32\OpenSSH\;C:\Program Files (x86)\dotnet\;C:\Program Files (x86)\NVIDIA Corporation\PhysX\Common;C:\Program Files\Git\cmd;C:\Users\kiril\AppData\Local\Programs\Python\Python310\Scripts\;C:\Users\kiril\AppData\Local\Programs\Python\Python310\;C:\Users\kiril\AppData\Local\Microsoft\WindowsApps;C:\Users\kiril\.dotnet\tools;C:\Users\kiril\AppData\Local\JetBrains\Toolbox\scripts;C:\Users\kiril\AppData\Local\Microsoft\WindowsApps;C:\Users\kiril\AppData\Local\Programs\Microsoft VS Code\bin;C:\Users\kiril\AppData\Local\GitHubDesktop\bin;C:\Users\kiril\AppData\Local\Google\Cloud SDK\google-cloud-sdk\bin;C:\Program Files\Microsoft\jdk-11.0.12.7-hotspot\bin
JRE paths:	;C:\Program Files (x86)\Common Files\Oracle\Java\javapath;C:\Program Files\Microsoft\jdk-11.0.12.7-hotspot\bin;C:\ProgramData\Oracle\Java\javapath;C:\Windows\system32;C:\Windows;C:\Windows\System32\Wbem;C:\Windows\System32\WindowsPowerShell\v1.0\;C:\Windows\System32\OpenSSH\;C:\Program Files\NVIDIA Corporation\NVIDIA NvDLISR;C:\Program Files\dotnet\;C:\Program Files\Microsoft SQL Server\150\Tools\Binn\;C:\Program Files\Microsoft SQL Server\Client SDK\ODBC\170\Tools\Binn\;C:\WINDOWS\system32;C:\WINDOWS;C:\WINDOWS\System32\Wbem;C:\WINDOWS\System32\WindowsPowerShell\v1.0\;C:\WINDOWS\System32\OpenSSH\;C:\Program Files (x86)\dotnet\;C:\Program Files (x86)\NVIDIA Corporation\PhysX\Common;C:\Program Files\Git\cmd;C:\Users\kiril\AppData\Local\Programs\Python\Python310\Scripts\;C:\Users\kiril\AppData\Local\Programs\Python\Python310\;C:\Users\kiril\AppData\Local\Microsoft\WindowsApps;C:\Users\kiril\.dotnet\tools;C:\Users\kiril\AppData\Local\JetBrains\Toolbox\scripts;C:\Users\kiril\AppData\Local\Microsoft\WindowsApps;C:\Users\kiril\AppData\Local\Programs\Microsoft VS Code\bin;C:\Users\kiril\AppData\Local\GitHubDesktop\bin;C:\Users\kiril\AppData\Local\Google\Cloud SDK\google-cloud-sdk\bin;C:\Program Files\Microsoft\jdk-11.0.12.7-hotspot\bin
Check launcher:	C:\Program Files (x86)\Common Files\Oracle\Java\javapath\bin\javaw.exe (not found)
Check launcher:	C:\Program Files\Microsoft\jdk-11.0.12.7-hotspot\bin\javaw.exe (OK)
Version string: 1.011.000_012 / 64-Bit (OK)
Launcher:	C:\Program Files\Microsoft\jdk-11.0.12.7-hotspot\bin\javaw.exe
Launcher args:	-jar "C:\Repositories\Fathers_Database\Database\out\artifacts\Database_jar\app.exe"
Args length:	83/32768 chars
Exit code:	0


Version:	3.50
CmdLine:	C:\Repositories\Fathers_Database\Database\out\artifacts\Database_jar\app.exe --l4j-debug
JNI:		No
WOW64:		Yes
Working dir:	C:\Repositories\Fathers_Database\Database\out\artifacts\Database_jar\.
Requires JDK:	No
Requires 64-Bit: No
Java min ver:	
Java max ver:	
Substitute:	JAVA_HOME = 
Substitute:	PATH = C:\Program Files (x86)\Common Files\Oracle\Java\javapath;C:\Program Files\Microsoft\jdk-11.0.12.7-hotspot\bin;C:\ProgramData\Oracle\Java\javapath;C:\Windows\system32;C:\Windows;C:\Windows\System32\Wbem;C:\Windows\System32\WindowsPowerShell\v1.0\;C:\Windows\System32\OpenSSH\;C:\Program Files\NVIDIA Corporation\NVIDIA NvDLISR;C:\Program Files\dotnet\;C:\Program Files\Microsoft SQL Server\150\Tools\Binn\;C:\Program Files\Microsoft SQL Server\Client SDK\ODBC\170\Tools\Binn\;C:\WINDOWS\system32;C:\WINDOWS;C:\WINDOWS\System32\Wbem;C:\WINDOWS\System32\WindowsPowerShell\v1.0\;C:\WINDOWS\System32\OpenSSH\;C:\Program Files (x86)\dotnet\;C:\Program Files (x86)\NVIDIA Corporation\PhysX\Common;C:\Program Files\Git\cmd;C:\Users\kiril\AppData\Local\Programs\Python\Python310\Scripts\;C:\Users\kiril\AppData\Local\Programs\Python\Python310\;C:\Users\kiril\AppData\Local\Microsoft\WindowsApps;C:\Users\kiril\.dotnet\tools;C:\Users\kiril\AppData\Local\JetBrains\Toolbox\scripts;C:\Users\kiril\AppData\Local\Microsoft\WindowsApps;C:\Users\kiril\AppData\Local\Programs\Microsoft VS Code\bin;C:\Users\kiril\AppData\Local\GitHubDesktop\bin;C:\Users\kiril\AppData\Local\Google\Cloud SDK\google-cloud-sdk\bin;C:\Program Files\Microsoft\jdk-11.0.12.7-hotspot\bin
JRE paths:	;C:\Program Files (x86)\Common Files\Oracle\Java\javapath;C:\Program Files\Microsoft\jdk-11.0.12.7-hotspot\bin;C:\ProgramData\Oracle\Java\javapath;C:\Windows\system32;C:\Windows;C:\Windows\System32\Wbem;C:\Windows\System32\WindowsPowerShell\v1.0\;C:\Windows\System32\OpenSSH\;C:\Program Files\NVIDIA Corporation\NVIDIA NvDLISR;C:\Program Files\dotnet\;C:\Program Files\Microsoft SQL Server\150\Tools\Binn\;C:\Program Files\Microsoft SQL Server\Client SDK\ODBC\170\Tools\Binn\;C:\WINDOWS\system32;C:\WINDOWS;C:\WINDOWS\System32\Wbem;C:\WINDOWS\System32\WindowsPowerShell\v1.0\;C:\WINDOWS\System32\OpenSSH\;C:\Program Files (x86)\dotnet\;C:\Program Files (x86)\NVIDIA Corporation\PhysX\Common;C:\Program Files\Git\cmd;C:\Users\kiril\AppData\Local\Programs\Python\Python310\Scripts\;C:\Users\kiril\AppData\Local\Programs\Python\Python310\;C:\Users\kiril\AppData\Local\Microsoft\WindowsApps;C:\Users\kiril\.dotnet\tools;C:\Users\kiril\AppData\Local\JetBrains\Toolbox\scripts;C:\Users\kiril\AppData\Local\Microsoft\WindowsApps;C:\Users\kiril\AppData\Local\Programs\Microsoft VS Code\bin;C:\Users\kiril\AppData\Local\GitHubDesktop\bin;C:\Users\kiril\AppData\Local\Google\Cloud SDK\google-cloud-sdk\bin;C:\Program Files\Microsoft\jdk-11.0.12.7-hotspot\bin
Check launcher:	C:\Program Files (x86)\Common Files\Oracle\Java\javapath\bin\javaw.exe (not found)
Check launcher:	C:\Program Files\Microsoft\jdk-11.0.12.7-hotspot\bin\javaw.exe (OK)
Version string: 1.011.000_012 / 64-Bit (OK)
Launcher:	C:\Program Files\Microsoft\jdk-11.0.12.7-hotspot\bin\javaw.exe
Launcher args:	-jar "C:\Repositories\Fathers_Database\Database\out\artifacts\Database_jar\app.exe"
Args length:	83/32768 chars
Exit code:	0


Version:	3.50
CmdLine:	C:\Repositories\Fathers_Database\Database\out\artifacts\Database_jar\app.exe --l4j-debug
JNI:		No
WOW64:		Yes
Working dir:	C:\Repositories\Fathers_Database\Database\out\artifacts\Database_jar\.
Requires JDK:	No
Requires 64-Bit: No
Java min ver:	1.006.000
Java max ver:	
JRE paths:	C:\Users\kiril\.jdks\openjdk-19.0.2
Check launcher:	C:\Users\kiril\.jdks\openjdk-19.0.2\bin\javaw.exe (OK)
Version string: 1.019.000_002 / 64-Bit (OK)
Launcher:	C:\Users\kiril\.jdks\openjdk-19.0.2\bin\javaw.exe
Launcher args:	-jar "C:\Repositories\Fathers_Database\Database\out\artifacts\Database_jar\app.exe"
Args length:	83/32768 chars
Exit code:	0


Version:	3.50
CmdLine:	C:\Repositories\Fathers_Database\Database\out\artifacts\Database_jar\app.exe --l4j-debug
JNI:		No
WOW64:		Yes
Working dir:	C:\Repositories\Fathers_Database\Database\out\artifacts\Database_jar\.
Requires JDK:	No
Requires 64-Bit: No
Java min ver:	1.006.000
Java max ver:	
JRE paths:	C:\Users\kiril\.jdks\openjdk-19.0.2
Check launcher:	C:\Users\kiril\.jdks\openjdk-19.0.2\bin\javaw.exe (OK)
Version string: 1.019.000_002 / 64-Bit (OK)
Launcher:	C:\Users\kiril\.jdks\openjdk-19.0.2\bin\javaw.exe
Launcher args:	-jar "C:\Repositories\Fathers_Database\Database\out\artifacts\Database_jar\app.exe"
Args length:	83/32768 chars
Exit code:	0
